<?xml version="1.0" encoding="UTF-8"?>
<testsuite name="PointTests" tests="4" skipped="0" failures="0" errors="0" timestamp="2021-11-02T14:48:55" hostname="hindendorf-2.local" time="0.018">
  <properties/>
  <testcase name="testDistance01" classname="PointTests" time="0.008"/>
  <testcase name="testDistance02" classname="PointTests" time="0.0"/>
  <testcase name="testDistance03" classname="PointTests" time="0.0"/>
  <testcase name="testDistance04" classname="PointTests" time="0.001"/>
  <system-out><![CDATA[]]></system-out>
  <system-err><![CDATA[]]></system-err>
</testsuite>
